make all --print-data-base --no-builtin-variables --no-builtin-rules --question
# GNU Make 3.81
# Copyright (C) 2006  Free Software Foundation, Inc.
# This is free software; see the source for copying conditions.
# There is NO warranty; not even for MERCHANTABILITY or FITNESS FOR A
# PARTICULAR PURPOSE.

# This program built for i386-apple-darwin11.3.0
 

# Make data base, printed on Wed May 11 19:49:36 2022

# Variables

# automatic
<D = $(patsubst %/,%,$(dir $<))
# automatic
?F = $(notdir $?)
# makefile (from `Makefile', line 24)
OBJ = $(patsubst %.c, %.o, $(SRC_F))
# environment
VSCODE_LOG_NATIVE = false
# automatic
?D = $(patsubst %/,%,$(dir $?))
# makefile (from `Makefile', line 11)
PARS_F = parser.c parser_utils.c checker.c parser_utils2.c 
# makefile (from `Makefile', line 4)
INCLUDES = -I includes -I libft -I mlx 
# automatic
@D = $(patsubst %/,%,$(dir $@))
# automatic
@F = $(notdir $@)
# makefile
CURDIR := /Users/esylva/cub3D/Cube3D
# makefile
SHELL = /bin/sh
# makefile (from `Makefile', line 32)
RM = rm -rf
# makefile (from `Makefile', line 40)
MAKE_LIBFT = make -sC libft
# environment
VSCODE_NLS_CONFIG = {"locale":"en-us","availableLanguages":{},"_languagePackSupport":true}
# makefile (from `Makefile', line 35)
LINK_MLX = -Lmlx -lmlx -framework OpenGL -framework AppKit -lm -lz
# environment
_ = /usr/bin/make
# makefile (from `Makefile', line 1)
MAKEFILE_LIST :=  Makefile
# makefile (from `Makefile', line 22)
OBJ_DIR = obj/
# environment
VSCODE_VERBOSE_LOGGING = true
# environment
VSCODE_IPC_HOOK_EXTHOST = /var/folders/zz/zyxvpxvq6csfxvn_n0001wcm000g35/T/vscode-ipc-8686aca4-9080-4345-8b0f-56463a7faeb4.sock
# environment
VSCODE_CWD = /
# environment
Apple_PubSub_Socket_Render = /private/tmp/com.apple.launchd.SYWlbZ9W0y/Render
# environment
PATH = /Users/esylva/.brew/bin:/usr/local/bin:/usr/bin:/bin:/usr/sbin:/sbin:/usr/local/share/dotnet:/usr/local/munki:/opt/X11/bin:~/.dotnet/tools
# makefile (from `Makefile', line 23)
OBJ_F = $(addprefix $(OBJ_DIR), $(SRCS_F) $(PARS_F) $(GAME_F))
# environment
VSCODE_LOG_STACK = false
# environment
ELECTRON_RUN_AS_NODE = 1
# default
.FEATURES := target-specific order-only second-expansion else-if archives jobserver check-symlink
# environment
SSH_AUTH_SOCK = /private/tmp/com.apple.launchd.LqDAeaQVZU/Listeners
# automatic
%F = $(notdir $%)
# environment
HOMEBREW_TEMP = /tmp/esylva/Homebrew/Temp
# environment
DISPLAY = /private/tmp/com.apple.launchd.n7RQurQTqd/org.xquartz:0
# makefile (from `Makefile', line 14)
GAME_DIR = game/
# environment
VSCODE_PIPE_LOGGING = true
# environment
PWD = /Users/esylva/cub3D/Cube3D
# environment
ORIGINAL_XDG_CURRENT_DESKTOP = undefined
# environment
VSCODE_AMD_ENTRYPOINT = vs/workbench/api/node/extensionHostProcess
# environment
HOME = /Users/esylva
# default
MAKEFILEPATH := /Applications/Xcode.app/Contents/Developer/Makefiles
 
# makefile (from `Makefile', line 8)
SRCS_F = main1.c init.c free.c
# environment
VSCODE_CODE_CACHE_PATH = /Users/esylva/Library/Application Support/Code/CachedData/e18005f0f1b33c29e81d732535d8c0e47cafb0b5
# environment
LOGNAME = esylva
# environment
APPLICATION_INSIGHTS_NO_DIAGNOSTIC_CHANNEL = 1
# environment
VSCODE_HANDLES_UNCAUGHT_ERRORS = true
# automatic
^D = $(patsubst %/,%,$(dir $^))
# makefile (from `Makefile', line 15)
GAME_F = window1.c action.c ft_wasd1.c paint_back.c ft_button.c cast_rays.c
# environment
XPC_FLAGS = 0x0
# default
MAKE = $(MAKE_COMMAND)
# default
MAKECMDGOALS := all
# environment
HOMEBREW_CACHE = /tmp/esylva/Homebrew/Caches
# environment
SHLVL = 1
# makefile (from `Makefile', line 34)
MAKE_MLX = make -sC mlx
# makefile (from `Makefile', line 41)
LINK_LIBFT = -Llibft -lft
# makefile (from `Makefile', line 28)
CC = gcc -g
# default
MAKE_VERSION := 3.81
# environment
USER = esylva
# makefile (from `Makefile', line 18)
GAME = $(addprefix $(GAME_DIR), $(GAME_F))
# makefile
.DEFAULT_GOAL := all
# makefile (from `Makefile', line 1)
NAME = cub3D
# automatic
%D = $(patsubst %/,%,$(dir $%))
# default
MAKE_COMMAND := /Applications/Xcode.app/Contents/Developer/usr/bin/make
# default
.VARIABLES := 
# environment
TMPDIR = /var/folders/zz/zyxvpxvq6csfxvn_n0001wcm000g35/T/
# automatic
*F = $(notdir $*)
# environment
VSCODE_IPC_HOOK = /Users/esylva/Library/Application Support/Code/1.66.0-main.sock
# makefile
MAKEFLAGS = Rrqp
# environment
MFLAGS = -Rrqp
# automatic
*D = $(patsubst %/,%,$(dir $*))
# environment
XPC_SERVICE_NAME = com.apple.xpc.launchd.oneshot.0x1000000b.Electron
# automatic
+D = $(patsubst %/,%,$(dir $+))
# automatic
+F = $(notdir $+)
# environment
__CF_USER_TEXT_ENCODING = 0x3C65:0x0:0x0
# environment
COMMAND_MODE = unix2003
# default
MAKEFILES := 
# makefile (from `Makefile', line 7)
SRC_DIR = srcs/
# automatic
<F = $(notdir $<)
# environment
LC_ALL = C
# makefile (from `Makefile', line 3)
HEADER = includes/cub.h
# environment
SECURITYSESSIONID = 186e7
# automatic
^F = $(notdir $^)
# makefile (from `Makefile', line 10)
PARS_DIR = parser/
# default
SUFFIXES := 
# makefile (from `Makefile', line 30)
FLAGS = -Wall -Werror -Wextra
# default
.INCLUDE_DIRS = /usr/local/include
# environment
MAKELEVEL := 0
# environment
LANG = C
# makefile (from `Makefile', line 20)
SRC_F = $(addprefix $(SRC_DIR), $(SRCS_F) $(PARSER) $(GAME))
# environment
VSCODE_PID = 64693
# makefile (from `Makefile', line 12)
PARSER = $(addprefix $(PARS_DIR), $(PARS_F))
# variable set hash-table stats:
# Load=88/1024=9%, Rehash=0, Collisions=3/132=2%

# Pattern-specific Variable Values

# No pattern-specific variable values.
 

# Directories

# . (device 16777227, inode 1353690): 25 files, no impossibilities.

# 25 files, no impossibilities in 1 directories.

# Implicit Rules

%.o: %.c includes/cub.h
#  commands to execute (from `Makefile', line 56):
	$(CC) $(FLAGS) $(INCLUDES) -c $< -o $@
	

# 1 implicit rules, 0 (0.0%) terminal.

# Files

# Not a target:
srcs/game/ft_wasd1.o:
#  Implicit rule search has not been done.
#  Modification time never checked.
#  File has not been updated.

# Not a target:
srcs/game/action.o:
#  Implicit rule search has not been done.
#  Modification time never checked.
#  File has not been updated.

all: init cub3D
#  Phony target (prerequisite of .PHONY).
#  Command-line target.
#  Implicit rule search has not been done.
#  File does not exist.
#  File has been updated.
#  Needs to be updated (-q is set).
# variable set hash-table stats:
# Load=0/32=0%, Rehash=0, Collisions=0/5=0%

.PHONY: all init clean flcean re
#  Implicit rule search has not been done.
#  Modification time never checked.
#  File has not been updated.

# Not a target:
srcs/main1.o:
#  Implicit rule search has not been done.
#  Modification time never checked.
#  File has not been updated.

cub3D: srcs/main1.o srcs/init.o srcs/free.o srcs/parser/parser.o srcs/parser/parser_utils.o srcs/parser/checker.o srcs/parser/parser_utils2.o srcs/game/window1.o srcs/game/action.o srcs/game/ft_wasd1.o srcs/game/paint_back.o srcs/game/ft_button.o srcs/game/cast_rays.o includes/cub.h
#  Implicit rule search has not been done.
#  Modification time never checked.
#  File has not been updated.
#  commands to execute (from `Makefile', line 60):
	$(CC) $(INCLUDES) $(LINK_LIBFT) $(LINK_MLX) $(OBJ) -o $@
	@echo Done!
	

flcean:
#  Phony target (prerequisite of .PHONY).
#  Implicit rule search has not been done.
#  File does not exist.
#  File has not been updated.

# Not a target:
.SUFFIXES:
#  Implicit rule search has not been done.
#  Modification time never checked.
#  File has not been updated.

# Not a target:
srcs/parser/parser.o:
#  Implicit rule search has not been done.
#  Modification time never checked.
#  File has not been updated.

# Not a target:
srcs/free.o:
#  Implicit rule search has not been done.
#  Modification time never checked.
#  File has not been updated.

# Not a target:
Makefile:
#  Implicit rule search has been done.
#  Last modified 2022-05-11 19:47:53
#  File has been updated.
#  Successfully updated.
# variable set hash-table stats:
# Load=0/32=0%, Rehash=0, Collisions=0/0=0%

# Not a target:
srcs/game/ft_button.o:
#  Implicit rule search has not been done.
#  Modification time never checked.
#  File has not been updated.

# Not a target:
srcs/parser/parser_utils2.o:
#  Implicit rule search has not been done.
#  Modification time never checked.
#  File has not been updated.

# Not a target:
srcs/init.o:
#  Implicit rule search has not been done.
#  Modification time never checked.
#  File has not been updated.

fclean: clean
#  Implicit rule search has not been done.
#  Modification time never checked.
#  File has not been updated.
#  commands to execute (from `Makefile', line 71):
	@$(MAKE_LIBFT) fclean
	@$(RM) $(NAME)
	

obj/:
#  Implicit rule search has not been done.
#  Modification time never checked.
#  File has not been updated.
#  commands to execute (from `Makefile', line 53):
	mkdir -p $(OBJ_DIR)
	

# Not a target:
includes/cub.h:
#  Implicit rule search has not been done.
#  Modification time never checked.
#  File has not been updated.

# Not a target:
srcs/game/paint_back.o:
#  Implicit rule search has not been done.
#  Modification time never checked.
#  File has not been updated.

# Not a target:
.DEFAULT:
#  Implicit rule search has not been done.
#  Modification time never checked.
#  File has not been updated.

# Not a target:
srcs/parser/checker.o:
#  Implicit rule search has not been done.
#  Modification time never checked.
#  File has not been updated.

re: fclean all
#  Phony target (prerequisite of .PHONY).
#  Implicit rule search has not been done.
#  File does not exist.
#  File has not been updated.

clean:
#  Phony target (prerequisite of .PHONY).
#  Implicit rule search has not been done.
#  File does not exist.
#  File has not been updated.
#  commands to execute (from `Makefile', line 64):
	@$(RM) $(OBJ_F)
	@$(RM) $(OBJ)
	@$(MAKE_MLX) clean
	@$(MAKE_LIBFT) clean
	@$(MAKE_OPENGL) clean
	

init:
#  Phony target (prerequisite of .PHONY).
#  Implicit rule search has not been done.
#  Implicit/static pattern stem: `'
#  File does not exist.
#  File has been updated.
#  Needs to be updated (-q is set).
# automatic
# @ := init
# automatic
# % := 
# automatic
# * := 
# automatic
# + := 
# automatic
# | := 
# automatic
# < := 
# automatic
# ^ := 
# automatic
# ? := 
# variable set hash-table stats:
# Load=8/32=25%, Rehash=0, Collisions=1/13=8%
#  commands to execute (from `Makefile', line 48):
	@$(MAKE_LIBFT)
	@$(MAKE_MLX)
	@$(MAKE_OPENGL)
	

# Not a target:
srcs/game/cast_rays.o:
#  Implicit rule search has not been done.
#  Modification time never checked.
#  File has not been updated.

# Not a target:
srcs/game/window1.o:
#  Implicit rule search has not been done.
#  Modification time never checked.
#  File has not been updated.

# Not a target:
srcs/parser/parser_utils.o:
#  Implicit rule search has not been done.
#  Modification time never checked.
#  File has not been updated.

# files hash-table stats:
# Load=26/1024=3%, Rehash=0, Collisions=0/64=0%
# VPATH Search Paths

# No `vpath' search paths.

# No general (`VPATH' variable) search path.

# # of strings in strcache: 1
# # of strcache buffers: 1
# strcache size: total = 4096 / max = 4096 / min = 4096 / avg = 4096
# strcache free: total = 4087 / max = 4087 / min = 4087 / avg = 4087

# Finished Make data base on Wed May 11 19:49:36 2022

 
